{"name":"hexo","hostname":"shuaideMacBook-Pro.local","pid":10339,"level":20,"msg":"Hexo version: \u001b[35m3.7.1\u001b[39m","time":"2018-04-17T03:25:05.018Z","v":0}
{"name":"hexo","hostname":"shuaideMacBook-Pro.local","pid":10339,"level":20,"msg":"Working directory: \u001b[35m~/Desktop/myProject/Blog/\u001b[39m","time":"2018-04-17T03:25:05.021Z","v":0}
{"name":"hexo","hostname":"shuaideMacBook-Pro.local","pid":10339,"level":20,"msg":"Config loaded: \u001b[35m~/Desktop/myProject/Blog/_config.yml\u001b[39m","time":"2018-04-17T03:25:05.094Z","v":0}
{"name":"hexo","hostname":"shuaideMacBook-Pro.local","pid":10339,"level":20,"msg":"Plugin loaded: \u001b[35mhexo-deployer-git\u001b[39m","time":"2018-04-17T03:25:05.126Z","v":0}
{"name":"hexo","hostname":"shuaideMacBook-Pro.local","pid":10339,"level":20,"msg":"Plugin loaded: \u001b[35mhexo-generator-archive\u001b[39m","time":"2018-04-17T03:25:05.128Z","v":0}
{"name":"hexo","hostname":"shuaideMacBook-Pro.local","pid":10339,"level":20,"msg":"Plugin loaded: \u001b[35mhexo-generator-category\u001b[39m","time":"2018-04-17T03:25:05.129Z","v":0}
{"name":"hexo","hostname":"shuaideMacBook-Pro.local","pid":10339,"level":20,"msg":"Plugin loaded: \u001b[35mhexo-generator-feed\u001b[39m","time":"2018-04-17T03:25:05.132Z","v":0}
{"name":"hexo","hostname":"shuaideMacBook-Pro.local","pid":10339,"level":20,"msg":"Plugin loaded: \u001b[35mhexo-generator-index\u001b[39m","time":"2018-04-17T03:25:05.132Z","v":0}
{"name":"hexo","hostname":"shuaideMacBook-Pro.local","pid":10339,"level":20,"msg":"Plugin loaded: \u001b[35mhexo-generator-sitemap\u001b[39m","time":"2018-04-17T03:25:05.134Z","v":0}
{"name":"hexo","hostname":"shuaideMacBook-Pro.local","pid":10339,"level":20,"msg":"Plugin loaded: \u001b[35mhexo-generator-tag\u001b[39m","time":"2018-04-17T03:25:05.135Z","v":0}
{"name":"hexo","hostname":"shuaideMacBook-Pro.local","pid":10339,"level":20,"msg":"Plugin loaded: \u001b[35mhexo-renderer-ejs\u001b[39m","time":"2018-04-17T03:25:05.137Z","v":0}
{"name":"hexo","hostname":"shuaideMacBook-Pro.local","pid":10339,"level":20,"msg":"Plugin loaded: \u001b[35mhexo-renderer-marked\u001b[39m","time":"2018-04-17T03:25:05.143Z","v":0}
{"name":"hexo","hostname":"shuaideMacBook-Pro.local","pid":10339,"level":20,"msg":"Plugin loaded: \u001b[35mhexo-renderer-stylus\u001b[39m","time":"2018-04-17T03:25:05.144Z","v":0}
{"name":"hexo","hostname":"shuaideMacBook-Pro.local","pid":10339,"level":20,"msg":"Plugin loaded: \u001b[35mhexo-server\u001b[39m","time":"2018-04-17T03:25:05.210Z","v":0}
{"name":"hexo","hostname":"shuaideMacBook-Pro.local","pid":10339,"level":20,"msg":"Script loaded: \u001b[35mthemes/next/scripts/merge-configs.js\u001b[39m","time":"2018-04-17T03:25:05.217Z","v":0}
{"name":"hexo","hostname":"shuaideMacBook-Pro.local","pid":10339,"level":20,"msg":"Script loaded: \u001b[35mthemes/next/scripts/tags/button.js\u001b[39m","time":"2018-04-17T03:25:05.218Z","v":0}
{"name":"hexo","hostname":"shuaideMacBook-Pro.local","pid":10339,"level":20,"msg":"Script loaded: \u001b[35mthemes/next/scripts/tags/center-quote.js\u001b[39m","time":"2018-04-17T03:25:05.218Z","v":0}
{"name":"hexo","hostname":"shuaideMacBook-Pro.local","pid":10339,"level":20,"msg":"Script loaded: \u001b[35mthemes/next/scripts/tags/exturl.js\u001b[39m","time":"2018-04-17T03:25:05.219Z","v":0}
{"name":"hexo","hostname":"shuaideMacBook-Pro.local","pid":10339,"level":20,"msg":"Script loaded: \u001b[35mthemes/next/scripts/merge.js\u001b[39m","time":"2018-04-17T03:25:05.221Z","v":0}
{"name":"hexo","hostname":"shuaideMacBook-Pro.local","pid":10339,"level":20,"msg":"Script loaded: \u001b[35mthemes/next/scripts/tags/full-image.js\u001b[39m","time":"2018-04-17T03:25:05.222Z","v":0}
{"name":"hexo","hostname":"shuaideMacBook-Pro.local","pid":10339,"level":20,"msg":"Script loaded: \u001b[35mthemes/next/scripts/tags/group-pictures.js\u001b[39m","time":"2018-04-17T03:25:05.222Z","v":0}
{"name":"hexo","hostname":"shuaideMacBook-Pro.local","pid":10339,"level":20,"msg":"Script loaded: \u001b[35mthemes/next/scripts/tags/label.js\u001b[39m","time":"2018-04-17T03:25:05.223Z","v":0}
{"name":"hexo","hostname":"shuaideMacBook-Pro.local","pid":10339,"level":20,"msg":"Script loaded: \u001b[35mthemes/next/scripts/tags/lazy-image.js\u001b[39m","time":"2018-04-17T03:25:05.223Z","v":0}
{"name":"hexo","hostname":"shuaideMacBook-Pro.local","pid":10339,"level":20,"msg":"Script loaded: \u001b[35mthemes/next/scripts/tags/note.js\u001b[39m","time":"2018-04-17T03:25:05.223Z","v":0}
{"name":"hexo","hostname":"shuaideMacBook-Pro.local","pid":10339,"level":20,"msg":"Script loaded: \u001b[35mthemes/next/scripts/tags/tabs.js\u001b[39m","time":"2018-04-17T03:25:05.224Z","v":0}
{"name":"hexo","hostname":"shuaideMacBook-Pro.local","pid":10339,"level":20,"msg":"Database saved","time":"2018-04-17T03:25:05.228Z","v":0}
{"name":"hexo","hostname":"shuaideMacBook-Pro.local","pid":10483,"level":20,"msg":"Hexo version: \u001b[35m3.7.1\u001b[39m","time":"2018-04-17T03:29:51.022Z","v":0}
{"name":"hexo","hostname":"shuaideMacBook-Pro.local","pid":10483,"level":20,"msg":"Working directory: \u001b[35m~/Desktop/myProject/Blog/\u001b[39m","time":"2018-04-17T03:29:51.024Z","v":0}
{"name":"hexo","hostname":"shuaideMacBook-Pro.local","pid":10483,"level":20,"msg":"Config loaded: \u001b[35m~/Desktop/myProject/Blog/_config.yml\u001b[39m","time":"2018-04-17T03:29:51.136Z","v":0}
{"name":"hexo","hostname":"shuaideMacBook-Pro.local","pid":10483,"level":20,"msg":"Plugin loaded: \u001b[35mhexo-deployer-git\u001b[39m","time":"2018-04-17T03:29:51.178Z","v":0}
{"name":"hexo","hostname":"shuaideMacBook-Pro.local","pid":10483,"level":20,"msg":"Plugin loaded: \u001b[35mhexo-generator-archive\u001b[39m","time":"2018-04-17T03:29:51.182Z","v":0}
{"name":"hexo","hostname":"shuaideMacBook-Pro.local","pid":10483,"level":20,"msg":"Plugin loaded: \u001b[35mhexo-generator-category\u001b[39m","time":"2018-04-17T03:29:51.184Z","v":0}
{"name":"hexo","hostname":"shuaideMacBook-Pro.local","pid":10483,"level":20,"msg":"Plugin loaded: \u001b[35mhexo-generator-feed\u001b[39m","time":"2018-04-17T03:29:51.187Z","v":0}
{"name":"hexo","hostname":"shuaideMacBook-Pro.local","pid":10483,"level":20,"msg":"Plugin loaded: \u001b[35mhexo-generator-index\u001b[39m","time":"2018-04-17T03:29:51.188Z","v":0}
{"name":"hexo","hostname":"shuaideMacBook-Pro.local","pid":10483,"level":20,"msg":"Plugin loaded: \u001b[35mhexo-generator-sitemap\u001b[39m","time":"2018-04-17T03:29:51.190Z","v":0}
{"name":"hexo","hostname":"shuaideMacBook-Pro.local","pid":10483,"level":20,"msg":"Plugin loaded: \u001b[35mhexo-renderer-ejs\u001b[39m","time":"2018-04-17T03:29:51.194Z","v":0}
{"name":"hexo","hostname":"shuaideMacBook-Pro.local","pid":10483,"level":20,"msg":"Plugin loaded: \u001b[35mhexo-generator-tag\u001b[39m","time":"2018-04-17T03:29:51.195Z","v":0}
{"name":"hexo","hostname":"shuaideMacBook-Pro.local","pid":10483,"level":20,"msg":"Plugin loaded: \u001b[35mhexo-renderer-stylus\u001b[39m","time":"2018-04-17T03:29:51.196Z","v":0}
{"name":"hexo","hostname":"shuaideMacBook-Pro.local","pid":10483,"level":20,"msg":"Plugin loaded: \u001b[35mhexo-renderer-marked\u001b[39m","time":"2018-04-17T03:29:51.201Z","v":0}
{"name":"hexo","hostname":"shuaideMacBook-Pro.local","pid":10483,"level":20,"msg":"Plugin loaded: \u001b[35mhexo-server\u001b[39m","time":"2018-04-17T03:29:51.299Z","v":0}
{"name":"hexo","hostname":"shuaideMacBook-Pro.local","pid":10483,"level":20,"msg":"Script loaded: \u001b[35mthemes/next/scripts/merge-configs.js\u001b[39m","time":"2018-04-17T03:29:51.308Z","v":0}
{"name":"hexo","hostname":"shuaideMacBook-Pro.local","pid":10483,"level":20,"msg":"Script loaded: \u001b[35mthemes/next/scripts/tags/center-quote.js\u001b[39m","time":"2018-04-17T03:29:51.309Z","v":0}
{"name":"hexo","hostname":"shuaideMacBook-Pro.local","pid":10483,"level":20,"msg":"Script loaded: \u001b[35mthemes/next/scripts/tags/button.js\u001b[39m","time":"2018-04-17T03:29:51.309Z","v":0}
{"name":"hexo","hostname":"shuaideMacBook-Pro.local","pid":10483,"level":20,"msg":"Script loaded: \u001b[35mthemes/next/scripts/tags/group-pictures.js\u001b[39m","time":"2018-04-17T03:29:51.310Z","v":0}
{"name":"hexo","hostname":"shuaideMacBook-Pro.local","pid":10483,"level":20,"msg":"Script loaded: \u001b[35mthemes/next/scripts/merge.js\u001b[39m","time":"2018-04-17T03:29:51.314Z","v":0}
{"name":"hexo","hostname":"shuaideMacBook-Pro.local","pid":10483,"level":20,"msg":"Script loaded: \u001b[35mthemes/next/scripts/tags/exturl.js\u001b[39m","time":"2018-04-17T03:29:51.315Z","v":0}
{"name":"hexo","hostname":"shuaideMacBook-Pro.local","pid":10483,"level":20,"msg":"Script loaded: \u001b[35mthemes/next/scripts/tags/note.js\u001b[39m","time":"2018-04-17T03:29:51.316Z","v":0}
{"name":"hexo","hostname":"shuaideMacBook-Pro.local","pid":10483,"level":20,"msg":"Script loaded: \u001b[35mthemes/next/scripts/tags/full-image.js\u001b[39m","time":"2018-04-17T03:29:51.317Z","v":0}
{"name":"hexo","hostname":"shuaideMacBook-Pro.local","pid":10483,"level":20,"msg":"Script loaded: \u001b[35mthemes/next/scripts/tags/tabs.js\u001b[39m","time":"2018-04-17T03:29:51.317Z","v":0}
{"name":"hexo","hostname":"shuaideMacBook-Pro.local","pid":10483,"level":20,"msg":"Script loaded: \u001b[35mthemes/next/scripts/tags/label.js\u001b[39m","time":"2018-04-17T03:29:51.318Z","v":0}
{"name":"hexo","hostname":"shuaideMacBook-Pro.local","pid":10483,"level":20,"msg":"Script loaded: \u001b[35mthemes/next/scripts/tags/lazy-image.js\u001b[39m","time":"2018-04-17T03:29:51.318Z","v":0}
{"name":"hexo","hostname":"shuaideMacBook-Pro.local","pid":10483,"level":20,"msg":"Database saved","time":"2018-04-17T03:29:51.323Z","v":0}
